{
  "stats": {
    "suites": 0,
    "tests": 4,
    "passes": 4,
    "pending": 0,
    "failures": 0,
    "start": "2023-07-08T19:04:56.182Z",
    "end": "2023-07-08T19:05:02.261Z",
    "duration": 6079,
    "testsRegistered": 4,
    "passPercent": 100,
    "pendingPercent": 0,
    "other": 0,
    "hasOther": false,
    "skipped": 0,
    "hasSkipped": false
  },
  "results": [
    {
      "uuid": "8f357b35-c694-4ec5-9fcc-b11d2823ed72",
      "title": "",
      "fullFile": "cypress/integration/login.ts",
      "file": "cypress/integration/login.ts",
      "beforeHooks": [],
      "afterHooks": [],
      "tests": [
        {
          "title": "Test LOGIN",
          "fullTitle": "Test LOGIN",
          "timedOut": null,
          "duration": 2353,
          "state": "passed",
          "speed": "fast",
          "pass": true,
          "fail": false,
          "pending": false,
          "context": null,
          "code": "loginPage.login(globalObjects.URL, 'standard_user', 'secret_sauce');\nloginPage.assertLogin();",
          "err": {},
          "uuid": "7d0f522b-cfe7-4729-9403-5aa2db114829",
          "parentUUID": "8f357b35-c694-4ec5-9fcc-b11d2823ed72",
          "isHook": false,
          "skipped": false
        },
        {
          "title": "Test Sauce Demo Invalid Password",
          "fullTitle": "Test Sauce Demo Invalid Password",
          "timedOut": null,
          "duration": 968,
          "state": "passed",
          "speed": "fast",
          "pass": true,
          "fail": false,
          "pending": false,
          "context": null,
          "code": "loginPage.login(globalObjects.URL, 'standard_user', 'invalidPass');\nloginPage.assertLoginFail();",
          "err": {},
          "uuid": "87f097c3-1ad6-4635-b79e-b6d95bb2e6c5",
          "parentUUID": "8f357b35-c694-4ec5-9fcc-b11d2823ed72",
          "isHook": false,
          "skipped": false
        },
        {
          "title": "Test Sauce Demo Sauce labs product backpack",
          "fullTitle": "Test Sauce Demo Sauce labs product backpack",
          "timedOut": null,
          "duration": 996,
          "state": "passed",
          "speed": "fast",
          "pass": true,
          "fail": false,
          "pending": false,
          "context": null,
          "code": "loginPage.login(globalObjects.URL, 'standard_user', 'secret_sauce');\nloginPage.assertLogin();\ndashboardPage.sauceLabsBackpack();",
          "err": {},
          "uuid": "a724bb52-cc43-4f63-9625-145bf71b8296",
          "parentUUID": "8f357b35-c694-4ec5-9fcc-b11d2823ed72",
          "isHook": false,
          "skipped": false
        },
        {
          "title": "Test counter items cart",
          "fullTitle": "Test counter items cart",
          "timedOut": null,
          "duration": 29,
          "state": "passed",
          "speed": "fast",
          "pass": true,
          "fail": false,
          "pending": false,
          "context": null,
          "code": "__awaiter(void 0, void 0, void 0, function* () {\n    loginPage.login(globalObjects.URL, 'standard_user', 'secret_sauce');\n    dashboardPage.ACsauceLabsBackpack();\n    cy.get(dashboardPage.cartCounter).should('be.visible').and('have.text', '1');\n    dashboardPage.clickCart();\n    cy.contains('Sauce Labs Backpack').should('be.visible');\n    cy.get(cartPage.elPrice).should('contain', '$29.99');\n    cartPage.ContinueShopping();\n    dashboardPage.ACsauceLabsFleece();\n    dashboardPage.clickCart();\n    cy.contains('Sauce Labs Fleece Jacket').should('be.visible');\n    cy.get(cartPage.elPrice).should('contain', '$49.99');\n    cy.get(dashboardPage.removeButton_sauceLabsBackpack).click();\n    cy.get(dashboardPage.cartCounter).should('be.visible').and('have.text', '1');\n})",
          "err": {},
          "uuid": "68c4cbeb-ba23-40dc-8f6b-c00b2a04e5e0",
          "parentUUID": "8f357b35-c694-4ec5-9fcc-b11d2823ed72",
          "isHook": false,
          "skipped": false
        }
      ],
      "suites": [],
      "passes": [
        "7d0f522b-cfe7-4729-9403-5aa2db114829",
        "87f097c3-1ad6-4635-b79e-b6d95bb2e6c5",
        "a724bb52-cc43-4f63-9625-145bf71b8296",
        "68c4cbeb-ba23-40dc-8f6b-c00b2a04e5e0"
      ],
      "failures": [],
      "pending": [],
      "skipped": [],
      "duration": 4346,
      "root": true,
      "rootEmpty": false,
      "_timeout": 2000
    }
  ],
  "meta": {
    "mocha": {
      "version": "7.0.1"
    },
    "mochawesome": {
      "options": {
        "quiet": false,
        "reportFilename": "mochawesome",
        "saveHtml": false,
        "saveJson": true,
        "consoleReporter": "spec",
        "useInlineDiffs": false,
        "code": true
      },
      "version": "7.1.3"
    },
    "marge": {
      "options": {
        "chart": true,
        "overwrite": false,
        "html": false,
        "json": true,
        "reportDir": "cypress/reports"
      },
      "version": "6.2.0"
    }
  }
}