{
  "stats": {
    "suites": 2,
    "tests": 4,
    "passes": 4,
    "pending": 0,
    "failures": 0,
    "start": "2023-07-08T19:11:46.168Z",
    "end": "2023-07-08T19:11:52.295Z",
    "duration": 6127,
    "testsRegistered": 4,
    "passPercent": 100,
    "pendingPercent": 0,
    "other": 0,
    "hasOther": false,
    "skipped": 0,
    "hasSkipped": false
  },
  "results": [
    {
      "uuid": "4a1f842e-dcb8-48bb-9512-48b393c2a80d",
      "title": "",
      "fullFile": "cypress/integration/login.ts",
      "file": "cypress/integration/login.ts",
      "beforeHooks": [],
      "afterHooks": [],
      "tests": [],
      "suites": [
        {
          "uuid": "1a5eacf3-5c41-4540-831f-f242b461f2cf",
          "title": "Login function",
          "fullFile": "",
          "file": "",
          "beforeHooks": [],
          "afterHooks": [],
          "tests": [
            {
              "title": "Test valid LOGIN",
              "fullTitle": "Login function Test valid LOGIN",
              "timedOut": null,
              "duration": 2457,
              "state": "passed",
              "speed": "fast",
              "pass": true,
              "fail": false,
              "pending": false,
              "context": null,
              "code": "loginPage.login(globalObjects.URL, 'standard_user', 'secret_sauce');\nloginPage.assertLogin();",
              "err": {},
              "uuid": "acf9ab2b-4422-44da-b76a-a12a4a4d03ad",
              "parentUUID": "1a5eacf3-5c41-4540-831f-f242b461f2cf",
              "isHook": false,
              "skipped": false
            },
            {
              "title": "Test invalid LOGIN",
              "fullTitle": "Login function Test invalid LOGIN",
              "timedOut": null,
              "duration": 954,
              "state": "passed",
              "speed": "fast",
              "pass": true,
              "fail": false,
              "pending": false,
              "context": null,
              "code": "loginPage.login(globalObjects.URL, 'standard_user', 'invalidPass');\nloginPage.assertLoginFail();",
              "err": {},
              "uuid": "443e0efe-e4a4-420f-a459-13299b11fffb",
              "parentUUID": "1a5eacf3-5c41-4540-831f-f242b461f2cf",
              "isHook": false,
              "skipped": false
            }
          ],
          "suites": [],
          "passes": [
            "acf9ab2b-4422-44da-b76a-a12a4a4d03ad",
            "443e0efe-e4a4-420f-a459-13299b11fffb"
          ],
          "failures": [],
          "pending": [],
          "skipped": [],
          "duration": 3411,
          "root": false,
          "rootEmpty": false,
          "_timeout": 2000
        },
        {
          "uuid": "f889c3a6-1503-4cb8-9653-af7ab5f5575f",
          "title": "Anything at inventory page",
          "fullFile": "",
          "file": "",
          "beforeHooks": [],
          "afterHooks": [],
          "tests": [
            {
              "title": "Test navigate click product",
              "fullTitle": "Anything at inventory page Test navigate click product",
              "timedOut": null,
              "duration": 986,
              "state": "passed",
              "speed": "fast",
              "pass": true,
              "fail": false,
              "pending": false,
              "context": null,
              "code": "loginPage.login(globalObjects.URL, 'standard_user', 'secret_sauce');\nloginPage.assertLogin();\ndashboardPage.sauceLabsBackpack();",
              "err": {},
              "uuid": "af7e5334-5206-439f-93e7-0e8f84482611",
              "parentUUID": "f889c3a6-1503-4cb8-9653-af7ab5f5575f",
              "isHook": false,
              "skipped": false
            },
            {
              "title": "Test counter items cart",
              "fullTitle": "Anything at inventory page Test counter items cart",
              "timedOut": null,
              "duration": 23,
              "state": "passed",
              "speed": "fast",
              "pass": true,
              "fail": false,
              "pending": false,
              "context": null,
              "code": "__awaiter(void 0, void 0, void 0, function* () {\n        loginPage.login(globalObjects.URL, 'standard_user', 'secret_sauce');\n        dashboardPage.ACsauceLabsBackpack();\n        cy.get(dashboardPage.cartCounter).should('be.visible').and('have.text', '1');\n        dashboardPage.clickCart();\n        cy.contains('Sauce Labs Backpack').should('be.visible');\n        cy.get(cartPage.elPrice).should('contain', '$29.99');\n        cartPage.ContinueShopping();\n        dashboardPage.ACsauceLabsFleece();\n        dashboardPage.clickCart();\n        cy.contains('Sauce Labs Fleece Jacket').should('be.visible');\n        cy.get(cartPage.elPrice).should('contain', '$49.99');\n        cy.get(dashboardPage.removeButton_sauceLabsBackpack).click();\n        cy.get(dashboardPage.cartCounter).should('be.visible').and('have.text', '1');\n    })",
              "err": {},
              "uuid": "d8520efd-91ed-4571-974b-5b93e225061e",
              "parentUUID": "f889c3a6-1503-4cb8-9653-af7ab5f5575f",
              "isHook": false,
              "skipped": false
            }
          ],
          "suites": [],
          "passes": [
            "af7e5334-5206-439f-93e7-0e8f84482611",
            "d8520efd-91ed-4571-974b-5b93e225061e"
          ],
          "failures": [],
          "pending": [],
          "skipped": [],
          "duration": 1009,
          "root": false,
          "rootEmpty": false,
          "_timeout": 2000
        }
      ],
      "passes": [],
      "failures": [],
      "pending": [],
      "skipped": [],
      "duration": 0,
      "root": true,
      "rootEmpty": true,
      "_timeout": 2000
    }
  ],
  "meta": {
    "mocha": {
      "version": "7.0.1"
    },
    "mochawesome": {
      "options": {
        "quiet": false,
        "reportFilename": "mochawesome",
        "saveHtml": false,
        "saveJson": true,
        "consoleReporter": "spec",
        "useInlineDiffs": false,
        "code": true
      },
      "version": "7.1.3"
    },
    "marge": {
      "options": {
        "chart": true,
        "overwrite": false,
        "html": false,
        "json": true,
        "reportDir": "cypress/reports"
      },
      "version": "6.2.0"
    }
  }
}