{
  "stats": {
    "suites": 0,
    "tests": 1,
    "passes": 1,
    "pending": 0,
    "failures": 0,
    "start": "2023-07-08T18:58:55.077Z",
    "end": "2023-07-08T18:58:55.132Z",
    "duration": 55,
    "testsRegistered": 1,
    "passPercent": 100,
    "pendingPercent": 0,
    "other": 0,
    "hasOther": false,
    "skipped": 0,
    "hasSkipped": false
  },
  "results": [
    {
      "uuid": "201653a7-f7de-4322-b6fe-a501b41536e5",
      "title": "",
      "fullFile": "cypress/integration/dashboard.ts",
      "file": "cypress/integration/dashboard.ts",
      "beforeHooks": [],
      "afterHooks": [],
      "tests": [
        {
          "title": "Test counter items cart",
          "fullTitle": "Test counter items cart",
          "timedOut": null,
          "duration": 32,
          "state": "passed",
          "speed": "fast",
          "pass": true,
          "fail": false,
          "pending": false,
          "context": null,
          "code": "__awaiter(void 0, void 0, void 0, function* () {\n    loginPage.login(globalObjects.URL, 'standard_user', 'secret_sauce');\n    dashboardPage.ACsauceLabsBackpack();\n    cy.get(dashboardPage.cartCounter).should('be.visible').and('have.text', '1');\n    dashboardPage.clickCart();\n    cy.contains('Sauce Labs Backpack').should('be.visible');\n    cy.get(cartPage.elPrice).should('contain', '$29.99');\n    cartPage.ContinueShopping();\n    dashboardPage.ACsauceLabsFleece();\n    dashboardPage.clickCart();\n    cy.contains('Sauce Labs Fleece Jacket').should('be.visible');\n    cy.get(cartPage.elPrice).should('contain', '$49.99');\n    cy.get(dashboardPage.removeButton_sauceLabsBackpack).click();\n    cy.get(dashboardPage.cartCounter).should('be.visible').and('have.text', '1');\n})",
          "err": {},
          "uuid": "fc3dccc9-7032-4320-8d64-ce0a9d84a753",
          "parentUUID": "201653a7-f7de-4322-b6fe-a501b41536e5",
          "isHook": false,
          "skipped": false
        }
      ],
      "suites": [],
      "passes": [
        "fc3dccc9-7032-4320-8d64-ce0a9d84a753"
      ],
      "failures": [],
      "pending": [],
      "skipped": [],
      "duration": 32,
      "root": true,
      "rootEmpty": false,
      "_timeout": 2000
    }
  ],
  "meta": {
    "mocha": {
      "version": "7.0.1"
    },
    "mochawesome": {
      "options": {
        "quiet": false,
        "reportFilename": "mochawesome",
        "saveHtml": false,
        "saveJson": true,
        "consoleReporter": "spec",
        "useInlineDiffs": false,
        "code": true
      },
      "version": "7.1.3"
    },
    "marge": {
      "options": {
        "chart": true,
        "overwrite": false,
        "html": false,
        "json": true,
        "reportDir": "cypress/reports"
      },
      "version": "6.2.0"
    }
  }
}